<?xml version="1.0" encoding="UTF-8"?>
<!-- Generated by org.testng.reporters.JUnitReportReporter -->
<testsuite hostname="LAPTOP-DCH1U2PQ" failures="0" tests="1" name="com.nithin.testLinks.ExtractWebPagePart" time="0.720" errors="0" timestamp="2024-10-04T20:04:45 IST" skipped="0">
  <testcase classname="com.nithin.testLinks.ExtractWebPagePart" name="extractElementTest" time="0.720"/>
</testsuite> <!-- com.nithin.testLinks.ExtractWebPagePart -->
