<?xml version="1.0" encoding="UTF-8"?>
<!-- Generated by org.testng.reporters.JUnitReportReporter -->
<testsuite hostname="LAPTOP-DCH1U2PQ" failures="0" tests="1" name="com.nithin.testLinks.FindBrokenlinks" time="113.726" errors="0" timestamp="2024-10-04T19:19:29 IST" skipped="0">
  <testcase classname="com.nithin.testLinks.FindBrokenlinks" name="findBrokenLinks" time="113.726"/>
</testsuite> <!-- com.nithin.testLinks.FindBrokenlinks -->
