<?xml version="1.0" encoding="UTF-8"?>
<!-- Generated by org.testng.reporters.JUnitReportReporter -->
<testsuite hostname="LAPTOP-DCH1U2PQ" failures="0" tests="1" name="com.nithin.testLinks.FindBrokenlinks$FindBrokenLinks" time="136.567" errors="0" timestamp="2024-10-04T18:16:01 IST" skipped="0">
  <testcase classname="com.nithin.testLinks.FindBrokenlinks$FindBrokenLinks" name="findBrokenLinks" time="136.567"/>
</testsuite> <!-- com.nithin.testLinks.FindBrokenlinks$FindBrokenLinks -->
