<?xml version="1.0" encoding="UTF-8"?>
<!-- Generated by org.testng.reporters.JUnitReportReporter -->
<testsuite hostname="LAPTOP-DCH1U2PQ" failures="0" tests="1" name="com.nithin.testLinks.VerifyElements" time="0.287" errors="0" timestamp="2024-10-04T19:44:01 IST" skipped="0">
  <testcase classname="com.nithin.testLinks.VerifyElements" name="verifyTest" time="0.287"/>
</testsuite> <!-- com.nithin.testLinks.VerifyElements -->
